Arguments: 
  D:\NodeJS\node.exe D:\yarn\bin\yarn.js add socket.io@2.3.0

PATH: 
  C:\ProgramData\Oracle\Java\javapath;C:\oraclexe\app\oracle\product\11.2.0\server\bin;C:\Program Files\Common Files\Oracle\Java\javapath;C:\Python39\Scripts\;C:\Python39\;C:\WINDOWS\system32;C:\WINDOWS;C:\WINDOWS\System32\Wbem;C:\WINDOWS\System32\WindowsPowerShell\v1.0\;C:\WINDOWS\System32\OpenSSH\;C:\Program Files\Git\cmd;D:\NodeJS\;C:\ProgramData\chocolatey\bin;D:\yarn\bin\;C:\Program Files\NVIDIA Corporation\NVIDIA NvDLISR;C:\Program Files (x86)\NVIDIA Corporation\PhysX\Common;C:\WINDOWS\system32;C:\WINDOWS;C:\WINDOWS\System32\Wbem;C:\WINDOWS\System32\WindowsPowerShell\v1.0\;C:\WINDOWS\System32\OpenSSH\;C:\Users\kuuha\AppData\Local\Yarn\Data\global\node_modules\;C:\Users\kuuha\AppData\Local\Microsoft\WindowsApps;C:\Program Files\Bandizip\;C:\Users\kuuha\AppData\Roaming\npm;C:\Users\kuuha\AppData\Local\Yarn\bin;C:\Users\kuuha\AppData\Local\hyper\app-3.0.2\resources\bin;C:\Users\kuuha\AppData\Local\GitHubDesktop\bin;D:\JetBrains\IntelliJ IDEA 2020.3\bin;;D:\JetBrains\WebStorm 2020.3\bin;;D:\Microsoft VS Code\bin

Yarn version: 
  1.22.5

Node version: 
  15.2.0

Platform: 
  win32 x64

Trace: 
  Error: EACCES: permission denied, lstat 'D:\learning-node\node_modules\cookie-parser'

npm manifest: 
  No manifest

yarn manifest: 
  No manifest

Lockfile: 
  # THIS IS AN AUTOGENERATED FILE. DO NOT EDIT THIS FILE DIRECTLY.
  # yarn lockfile v1
  
  
  dotenv@^8.2.0:
    version "8.2.0"
    resolved "https://registry.yarnpkg.com/dotenv/-/dotenv-8.2.0.tgz#97e619259ada750eea3e4ea3e26bceea5424b16a"
    integrity sha512-8sJ78ElpbDJBHNeBzUbUVLsqKdccaa/BXF1uPTw3GrvQTBgrQrtObr2mUrE38vzYd8cEv+m/JBfDLioYcfXoaw==
